    1  exit
    2  mkdir -p server_lesson/linux_practice/public
    3  ls server_lesson/linux_practice
    4  touch server_lesson/linux_practice/public/index.php
    5  ls server_lesson/linux_practice/public
    6  cd /vagrant/server_lesson && ls
    7  cd /server_lesson && ls
    8  ls /
    9  cd home
   10  cd /home
   11  ls
   12  cd /vagrant
   13  cd vagrant
   14  ls
   15  cd server_lesson && ls
   16  cd /vagrant/server_lesson/linux_practice/public
   17  cd server_lesson/linux_practice/public
   18  cd linux_practice/public
   19  cp index.php index_bk.php
   20  ls
   21  cd
   22  cd server_lesson/linux_practice
   23  cp -r public tmp
   24  ls ./ public tmp
   25  cd
   26  mv server_lesson/linux_practice server_lesson/linux_practice1
   27  mkdir linux_practice2 linux_practice3
   28  ls
   29  mv ./linux_practice2 ./server_lesson
   30  ls
   31  cd server_lesson
   32  ls
   33  cd
   34  cd server_lesson/linux_practice1/tmp/
   35  cd
   36  cd server_lesson/linux_practice1/tmp
   37  ls
   38  rm *_bk.php
   39  ls
   40  cd
   41  rm server_lesson/first_txt
   42  rm server_lesson/first.txt
   43  cd server_lesson
   44  ls
   45  cd
   46  ls
   47  rm -r linux_practice3
   48  ls
   49  ls server_lesson
   50  cd server_lesson
   51  ls
   52  echo '# サーバレッスン' > README.md
   53  cat README.md
   54  echo 'Linuxプラクティス' >> README.md
   55  echo '-----------------' >> README.md
   56  cat README.md
   57  echo '-----------------' >> test.md
   58  ls
   59  rm test.md
   60  ls
   61  echo '-----------------' >> test.md
   62  echo '-----------------' > test.md
   63  cat test.md
   64  rm test.md
   65  ls
   66  cat README.md
   67  cd
   68  ls
   69  exit
   70  ls
   71  cd home
   72  cd ..
   73  cd
   74  cd server_lesson
   75  vi README.md
   76  cat README.md 
   77  git status
   78  git add .
   79  git status
   80  git push origin master
   81  git commit -m 'linux_practice 課題① '
   82  git push origin master
   83  cd
   84  ls
   85  cd -
   86  ls
   87  mkdir linux_practice2
   88  cd linux_practice2
   89  mkdir documents
   90  ls
   91  touch documents/gizumo{01..50}.md
   92  cd documents
   93  ls
   94  cd ..
   95  mkdir trash
   96  ls
   97  mv documents/gizumo{20..40}.md trash/gizumo{20..40}.md
   98  mv documents/gizumo{20..40}.md trash
   99  cd trash
  100  ls
  101  cd..
  102  cd ..
  103  touch .gitignore
  104  ls
  105  cat .gitignore
  106  cd ..
  107  touch linux_practice2/.gitignore
  108  cd -
  109  ls
  110  ls -a
  111  rm .gitignore
  112  ls
  113  ls -a
  114  rm .gitignore
  115  touch .gitignore
  116  ls -a
  117  vi .gitignore
  118  cd .gitignore
  119  vi .gitignore
  120  cat .gitignore
  121  mkdir -p server_lesson/linux_practice/public
  122  cd
  123  ls
  124  cd server_lesson
  125  ls
  126  cd linux_practice2
  127  history 300 -a exec_command.log
  128  history 300
  129  history 300 >> exec_command.log
